# Logfile created on 2016-01-19 16:20:04 +0100 by logger.rb/47272
[0;97;44mWhaleWebsite[0m
[0;97;49mStarted GET "/" at 2016-01-19 16:24:10 +0100[0m
  Params: {}
  Timezone: UTC
  Detecting locale EN
  Found page "Home page" [index]
[index] missing editable_text "jumbotron" (content/header)
[index] missing editable_text "first_column" (content/main)
[index] missing editable_text "second_column" (content/main)
[index] missing editable_text "third_column" (content/main)
  [0;32;49mCompleted 200 OK in 123.5ms

[0m
[0;97;44mWhaleWebsite[0m
[0;97;49mStarted GET "/" at 2016-01-19 16:24:19 +0100[0m
  Params: {}
  Timezone: UTC
  Detecting locale EN
  Found page "Home page" [index]
[index] missing editable_text "jumbotron" (content/header)
[index] missing editable_text "first_column" (content/main)
[index] missing editable_text "second_column" (content/main)
[index] missing editable_text "third_column" (content/main)
  [0;32;49mCompleted 200 OK in 6.5ms

[0m
service=listen action=reload resource=site timestamp=2016-01-19 16:27:04 +0100
service=listen action=reload resource=content_types timestamp=2016-01-19 16:27:04 +0100
service=listen action=reload resource=pages timestamp=2016-01-19 16:27:04 +0100
service=listen action=reload resource=snippets timestamp=2016-01-19 16:27:04 +0100
service=listen action=reload resource=content_entries timestamp=2016-01-19 16:27:04 +0100
service=listen action=reload resource=translations timestamp=2016-01-19 16:27:04 +0100
[0;97;44mWhaleWebsite[0m
[0;97;49mStarted GET "/" at 2016-01-19 19:21:20 +0100[0m
  Params: {}
  Timezone: UTC
  Detecting locale EN
  Found page "Home page" [index]
  [0;32;49mCompleted 200 OK in 151.7ms

[0m
[0;97;44mWhaleWebsite[0m
[0;97;49mStarted GET "/css/font-awesome/font-awesome.min.css" at 2016-01-19 19:21:25 +0100[0m
[0;97;44mWhaleWebsite[0m
[0;97;44mWhaleWebsite[0m
  Params: {}
[0;97;49mStarted GET "/css/prettyPhoto.css" at 2016-01-19 19:21:25 +0100[0m
[0;97;49mStarted GET "/css/flexslider.css" at 2016-01-19 19:21:25 +0100[0m
  Timezone: UTC
  Params: {}
  Params: {}
  Detecting locale EN
  Timezone: UTC
  Timezone: UTC
  [0;35;49mPage not found, rendering the 404 page.[0m
  Detecting locale EN
  Detecting locale EN
  [0;35;49mPage not found, rendering the 404 page.[0m
  [0;35;49mPage not found, rendering the 404 page.[0m
[404] missing editable_text "jumbotron" (content)
  [0;32;49mCompleted 404 Not Found in 368.3ms

[0m
[404] missing editable_text "jumbotron" (content)
  [0;32;49mCompleted 404 Not Found in 487.9ms

[0m
[404] missing editable_text "jumbotron" (content)
  [0;32;49mCompleted 404 Not Found in 404.8ms

[0m
[0;97;44mWhaleWebsite[0m
[0;97;49mStarted GET "/css/bootstrap/js/bootstrap.min.js" at 2016-01-19 19:21:27 +0100[0m
  Params: {}
  Timezone: UTC
  Detecting locale EN
  [0;35;49mPage not found, rendering the 404 page.[0m
[404] missing editable_text "jumbotron" (content)
  [0;32;49mCompleted 404 Not Found in 20.7ms

[0m
[0;97;44mWhaleWebsite[0m
[0;97;49mStarted GET "/apple-touch-icon-precomposed.png" at 2016-01-19 19:21:32 +0100[0m
  Params: {}
  Timezone: UTC
  Detecting locale EN
  [0;35;49mPage not found, rendering the 404 page.[0m
[404] missing editable_text "jumbotron" (content)
  [0;32;49mCompleted 404 Not Found in 9.0ms

[0m
[0;97;44mWhaleWebsite[0m
[0;97;49mStarted GET "/apple-touch-icon.png" at 2016-01-19 19:21:37 +0100[0m
  Params: {}
  Timezone: UTC
  Detecting locale EN
  [0;35;49mPage not found, rendering the 404 page.[0m
[404] missing editable_text "jumbotron" (content)
  [0;32;49mCompleted 404 Not Found in 6.5ms

[0m
[0;97;44mWhaleWebsite[0m
[0;97;49mStarted GET "/" at 2016-01-19 19:22:00 +0100[0m
  Params: {}
  Timezone: UTC
  Detecting locale EN
  Found page "Home page" [index]
  [0;32;49mCompleted 200 OK in 7.9ms

[0m
[0;97;44mWhaleWebsite[0m
[0;97;44mWhaleWebsite[0m
[0;97;44mWhaleWebsite[0m
[0;97;49mStarted GET "/css/prettyPhoto.css" at 2016-01-19 19:22:05 +0100[0m
[0;97;49mStarted GET "/css/flexslider.css" at 2016-01-19 19:22:05 +0100[0m
[0;97;49mStarted GET "/css/font-awesome/font-awesome.min.css" at 2016-01-19 19:22:05 +0100[0m
  Params: {}
  Params: {}
  Timezone: UTC
  Detecting locale EN
  Params: {}
  Timezone: UTC
  [0;35;49mPage not found, rendering the 404 page.[0m
  Timezone: UTC
  Detecting locale EN
  Detecting locale EN
  [0;35;49mPage not found, rendering the 404 page.[0m
  [0;35;49mPage not found, rendering the 404 page.[0m
[404] missing editable_text "jumbotron" (content)
  [0;32;49mCompleted 404 Not Found in 42.8ms

[0m
[404] missing editable_text "jumbotron" (content)
[404] missing editable_text "jumbotron" (content)
  [0;32;49mCompleted 404 Not Found in 74.9ms

[0m
  [0;32;49mCompleted 404 Not Found in 74.9ms

[0m
[0;97;44mWhaleWebsite[0m
[0;97;49mStarted GET "/css/bootstrap/js/bootstrap.min.js" at 2016-01-19 19:22:05 +0100[0m
  Params: {}
  Timezone: UTC
  Detecting locale EN
  [0;35;49mPage not found, rendering the 404 page.[0m
[404] missing editable_text "jumbotron" (content)
  [0;32;49mCompleted 404 Not Found in 7.5ms

[0m
service=listen action=reload resource=pages timestamp=2016-01-19 19:22:55 +0100
service=listen action=reload resource=snippets timestamp=2016-01-19 19:22:55 +0100
service=listen action=reload resource=pages timestamp=2016-01-19 19:23:04 +0100
service=listen action=reload resource=snippets timestamp=2016-01-19 19:23:04 +0100
service=listen action=reload resource=pages timestamp=2016-01-19 19:23:08 +0100
service=listen action=reload resource=snippets timestamp=2016-01-19 19:23:08 +0100
service=listen action=reload resource=pages timestamp=2016-01-19 19:23:10 +0100
service=listen action=reload resource=snippets timestamp=2016-01-19 19:23:10 +0100
service=listen action=reload resource=pages timestamp=2016-01-19 19:23:16 +0100
service=listen action=reload resource=snippets timestamp=2016-01-19 19:23:16 +0100
service=listen action=reload resource=pages timestamp=2016-01-19 19:23:24 +0100
service=listen action=reload resource=snippets timestamp=2016-01-19 19:23:24 +0100
[0;97;44mWhaleWebsite[0m
[0;97;49mStarted GET "/" at 2016-01-19 19:23:30 +0100[0m
  Params: {}
  Timezone: UTC
  Detecting locale EN
  Found page "Home page" [index]
  [0;32;49mCompleted 200 OK in 42.6ms

[0m
[0;97;44mWhaleWebsite[0m
[0;97;49mStarted GET "/css/flexslider.css" at 2016-01-19 19:23:35 +0100[0m
  Params: {}
  Timezone: UTC
[0;97;44mWhaleWebsite[0m
  Detecting locale EN
[0;97;44mWhaleWebsite[0m
[0;97;49mStarted GET "/css/font-awesome/font-awesome.min.css" at 2016-01-19 19:23:35 +0100[0m
  [0;35;49mPage not found, rendering the 404 page.[0m
[0;97;49mStarted GET "/css/prettyPhoto.css" at 2016-01-19 19:23:35 +0100[0m
  Params: {}
  Params: {}
  Timezone: UTC
  Timezone: UTC
  Detecting locale EN
  Detecting locale EN
[404] missing editable_text "jumbotron" (content)
[0;97;44mWhaleWebsite[0m
  [0;35;49mPage not found, rendering the 404 page.[0m
  [0;35;49mPage not found, rendering the 404 page.[0m
[0;97;49mStarted GET "/css/bootstrap/js/bootstrap.min.js" at 2016-01-19 19:23:35 +0100[0m
  [0;32;49mCompleted 404 Not Found in 71.2ms

[0m
  Params: {}
[404] missing editable_text "jumbotron" (content)
  Timezone: UTC
[404] missing editable_text "jumbotron" (content)
  Detecting locale EN
  [0;32;49mCompleted 404 Not Found in 80.4ms

[0m
  [0;35;49mPage not found, rendering the 404 page.[0m
  [0;32;49mCompleted 404 Not Found in 72.3ms

[0m
[404] missing editable_text "jumbotron" (content)
  [0;32;49mCompleted 404 Not Found in 37.9ms

[0m
service=listen action=reload resource=pages timestamp=2016-01-19 19:26:23 +0100
service=listen action=reload resource=snippets timestamp=2016-01-19 19:26:23 +0100
service=listen action=reload resource=pages timestamp=2016-01-19 19:26:28 +0100
service=listen action=reload resource=snippets timestamp=2016-01-19 19:26:28 +0100
[0;97;44mWhaleWebsite[0m
[0;97;49mStarted GET "/" at 2016-01-19 19:26:29 +0100[0m
  Params: {}
  Timezone: UTC
  Detecting locale EN
  Found page "Home page" [index]
  [0;32;49mCompleted 200 OK in 24.1ms

[0m
[0;97;44mWhaleWebsite[0m
[0;97;49mStarted GET "/css/prettyPhoto.css" at 2016-01-19 19:26:34 +0100[0m
  Params: {}
  Timezone: UTC
  Detecting locale EN
[0;97;44mWhaleWebsite[0m
[0;97;44mWhaleWebsite[0m
  [0;35;49mPage not found, rendering the 404 page.[0m
[0;97;49mStarted GET "/css/flexslider.css" at 2016-01-19 19:26:34 +0100[0m
[0;97;49mStarted GET "/css/font-awesome/font-awesome.min.css" at 2016-01-19 19:26:34 +0100[0m
  Params: {}
  Params: {}
  Timezone: UTC
  Timezone: UTC
  Detecting locale EN
  Detecting locale EN
  [0;35;49mPage not found, rendering the 404 page.[0m
[404] missing editable_text "jumbotron" (content)
  [0;35;49mPage not found, rendering the 404 page.[0m
  [0;32;49mCompleted 404 Not Found in 74.6ms

[0m
[0;97;44mWhaleWebsite[0m
[404] missing editable_text "jumbotron" (content)
[0;97;49mStarted GET "/css/bootstrap/js/bootstrap.min.js" at 2016-01-19 19:26:34 +0100[0m
[404] missing editable_text "jumbotron" (content)
  Params: {}
  [0;32;49mCompleted 404 Not Found in 68.1ms

[0m
  Timezone: UTC
  [0;32;49mCompleted 404 Not Found in 76.0ms

[0m
  Detecting locale EN
  [0;35;49mPage not found, rendering the 404 page.[0m
[404] missing editable_text "jumbotron" (content)
  [0;32;49mCompleted 404 Not Found in 15.7ms

[0m
service=listen action=reload resource=pages timestamp=2016-01-19 19:27:12 +0100
service=listen action=reload resource=snippets timestamp=2016-01-19 19:27:12 +0100
service=listen action=reload resource=pages timestamp=2016-01-19 19:33:13 +0100
service=listen action=reload resource=snippets timestamp=2016-01-19 19:33:13 +0100
service=listen action=reload resource=site timestamp=2016-01-19 19:33:29 +0100
service=listen action=reload resource=content_types timestamp=2016-01-19 19:33:29 +0100
service=listen action=reload resource=pages timestamp=2016-01-19 19:33:29 +0100
service=listen action=reload resource=snippets timestamp=2016-01-19 19:33:29 +0100
service=listen action=reload resource=content_entries timestamp=2016-01-19 19:33:29 +0100
service=listen action=reload resource=translations timestamp=2016-01-19 19:33:29 +0100
service=listen action=reload resource=pages timestamp=2016-01-19 19:33:37 +0100
service=listen action=reload resource=snippets timestamp=2016-01-19 19:33:37 +0100
[0;97;44mWhale Website[0m
[0;97;49mStarted GET "/" at 2016-01-19 19:33:39 +0100[0m
  Params: {}
  Timezone: UTC
  Detecting locale EN
  Found page "Home page" [index]
  [0;32;49mCompleted 200 OK in 65.3ms

[0m
[0;97;44mWhale Website[0m
[0;97;49mStarted GET "/css/flexslider.css" at 2016-01-19 19:33:44 +0100[0m
  Params: {}
  Timezone: UTC
  Detecting locale EN
  [0;35;49mPage not found, rendering the 404 page.[0m
[0;97;44mWhale Website[0m
[0;97;49mStarted GET "/css/prettyPhoto.css" at 2016-01-19 19:33:44 +0100[0m
  Params: {}
  Timezone: UTC
  Detecting locale EN
  [0;35;49mPage not found, rendering the 404 page.[0m
[0;97;44mWhale Website[0m
[0;97;49mStarted GET "/css/font-awesome/font-awesome.min.css" at 2016-01-19 19:33:44 +0100[0m
  Params: {}
  Timezone: UTC
  Detecting locale EN
  [0;35;49mPage not found, rendering the 404 page.[0m
[404] missing editable_text "jumbotron" (content)
  [0;32;49mCompleted 404 Not Found in 86.1ms

[0m
[404] missing editable_text "jumbotron" (content)
[404] missing editable_text "jumbotron" (content)
  [0;32;49mCompleted 404 Not Found in 93.9ms

[0m
  [0;32;49mCompleted 404 Not Found in 116.4ms

[0m
[0;97;44mWhale Website[0m
[0;97;49mStarted GET "/css/bootstrap/js/bootstrap.min.js" at 2016-01-19 19:33:45 +0100[0m
  Params: {}
  Timezone: UTC
  Detecting locale EN
  [0;35;49mPage not found, rendering the 404 page.[0m
[404] missing editable_text "jumbotron" (content)
  [0;32;49mCompleted 404 Not Found in 19.6ms

[0m
service=listen action=reload resource=pages timestamp=2016-01-19 19:35:03 +0100
service=listen action=reload resource=snippets timestamp=2016-01-19 19:35:03 +0100
service=listen action=reload resource=pages timestamp=2016-01-19 19:35:11 +0100
service=listen action=reload resource=snippets timestamp=2016-01-19 19:35:11 +0100
[0;97;44mWhale Website[0m
[0;97;49mStarted GET "/" at 2016-01-19 19:35:17 +0100[0m
  Params: {}
  Timezone: UTC
  Detecting locale EN
  Found page "Home page" [index]
  [0;32;49mCompleted 200 OK in 27.6ms

[0m
[0;97;44mWhale Website[0m
[0;97;49mStarted GET "/css/bootstrap/js/bootstrap.min.js" at 2016-01-19 19:35:22 +0100[0m
  Params: {}
  Timezone: UTC
  Detecting locale EN
  [0;35;49mPage not found, rendering the 404 page.[0m
[404] missing editable_text "jumbotron" (content)
  [0;32;49mCompleted 404 Not Found in 64.9ms

[0m
service=listen action=reload resource=pages timestamp=2016-01-19 19:41:48 +0100
service=listen action=reload resource=snippets timestamp=2016-01-19 19:41:48 +0100
service=listen action=reload resource=pages timestamp=2016-01-19 19:42:27 +0100
service=listen action=reload resource=snippets timestamp=2016-01-19 19:42:27 +0100
[0;97;44mWhale Website[0m
[0;97;49mStarted GET "/" at 2016-01-19 19:42:34 +0100[0m
  Params: {}
  Timezone: UTC
  Detecting locale EN
  Found page "Home page" [index]
  [0;32;49mCompleted 200 OK in 60.3ms

[0m
[0;97;44mWhale Website[0m
[0;97;49mStarted GET "/css/bootstrap/js/bootstrap.min.js" at 2016-01-19 19:42:39 +0100[0m
  Params: {}
  Timezone: UTC
  Detecting locale EN
  [0;35;49mPage not found, rendering the 404 page.[0m
[404] missing editable_text "jumbotron" (content)
  [0;32;49mCompleted 404 Not Found in 37.0ms

[0m
service=listen action=reload resource=pages timestamp=2016-01-19 19:43:14 +0100
service=listen action=reload resource=snippets timestamp=2016-01-19 19:43:14 +0100
service=listen action=reload resource=pages timestamp=2016-01-19 19:43:21 +0100
service=listen action=reload resource=snippets timestamp=2016-01-19 19:43:21 +0100
[0;97;44mWhale Website[0m
[0;97;49mStarted GET "/" at 2016-01-19 19:43:24 +0100[0m
  Params: {}
  Timezone: UTC
  Detecting locale EN
  Found page "Home page" [index]
  [0;32;49mCompleted 200 OK in 17.6ms

[0m
[0;97;44mWhale Website[0m
[0;97;49mStarted GET "/css/bootstrap/js/bootstrap.min.js" at 2016-01-19 19:43:29 +0100[0m
  Params: {}
  Timezone: UTC
  Detecting locale EN
  [0;35;49mPage not found, rendering the 404 page.[0m
[404] missing editable_text "jumbotron" (content)
  [0;32;49mCompleted 404 Not Found in 56.1ms

[0m
[0;97;44mWhale Website[0m
[0;97;49mStarted GET "/" at 2016-01-19 19:48:54 +0100[0m
  Params: {}
  Timezone: UTC
  Detecting locale EN
  Found page "Home page" [index]
  [0;32;49mCompleted 200 OK in 34.7ms

[0m
[0;97;44mWhale Website[0m
[0;97;49mStarted GET "/css/bootstrap/js/bootstrap.min.js" at 2016-01-19 19:48:59 +0100[0m
  Params: {}
  Timezone: UTC
  Detecting locale EN
  [0;35;49mPage not found, rendering the 404 page.[0m
[404] missing editable_text "jumbotron" (content)
  [0;32;49mCompleted 404 Not Found in 55.9ms

[0m
service=listen action=reload resource=site timestamp=2016-01-19 19:56:43 +0100
service=listen action=reload resource=content_types timestamp=2016-01-19 19:56:43 +0100
service=listen action=reload resource=pages timestamp=2016-01-19 19:56:43 +0100
service=listen action=reload resource=snippets timestamp=2016-01-19 19:56:43 +0100
service=listen action=reload resource=content_entries timestamp=2016-01-19 19:56:43 +0100
service=listen action=reload resource=translations timestamp=2016-01-19 19:56:43 +0100
[0;97;44mWhale Website[0m
[0;97;49mStarted GET "/" at 2016-01-19 20:02:44 +0100[0m
  Params: {}
  Timezone: UTC
  Detecting locale EN
  Found page "Home page" [index]
  [0;32;49mCompleted 200 OK in 37.0ms

[0m
[0;97;44mWhale Website[0m
[0;97;49mStarted GET "/css/bootstrap/js/bootstrap.min.js" at 2016-01-19 20:02:50 +0100[0m
  Params: {}
  Timezone: UTC
  Detecting locale EN
  [0;35;49mPage not found, rendering the 404 page.[0m
[404] missing editable_text "jumbotron" (content)
  [0;32;49mCompleted 404 Not Found in 54.7ms

[0m
service=listen action=reload resource=pages timestamp=2016-01-19 20:03:53 +0100
service=listen action=reload resource=snippets timestamp=2016-01-19 20:03:53 +0100
service=listen action=reload resource=pages timestamp=2016-01-19 20:03:55 +0100
service=listen action=reload resource=snippets timestamp=2016-01-19 20:03:55 +0100
service=listen action=reload resource=pages timestamp=2016-01-19 20:03:59 +0100
service=listen action=reload resource=snippets timestamp=2016-01-19 20:03:59 +0100
[0;97;44mWhale Website[0m
[0;97;49mStarted GET "/" at 2016-01-19 20:04:01 +0100[0m
  Params: {}
  Timezone: UTC
  Detecting locale EN
  Found page "Home page" [index]
  [0;32;49mCompleted 200 OK in 18.4ms

[0m
[0;97;44mWhale Website[0m
[0;97;49mStarted GET "/" at 2016-01-19 20:04:06 +0100[0m
  Params: {}
  Timezone: UTC
  Detecting locale EN
  Found page "Home page" [index]
  [0;32;49mCompleted 200 OK in 12.9ms

[0m
[0;97;44mWhale Website[0m
[0;97;49mStarted GET "/" at 2016-01-19 20:04:06 +0100[0m
  Params: {}
  Timezone: UTC
  Detecting locale EN
  Found page "Home page" [index]
  [0;32;49mCompleted 200 OK in 11.7ms

[0m
service=listen action=reload resource=pages timestamp=2016-01-19 20:05:46 +0100
service=listen action=reload resource=snippets timestamp=2016-01-19 20:05:46 +0100
[0;97;44mWhale Website[0m
[0;97;49mStarted GET "/" at 2016-01-19 20:05:55 +0100[0m
  Params: {}
  Timezone: UTC
  Detecting locale EN
  Found page "Home page" [index]
  [0;32;49mCompleted 200 OK in 20.0ms

[0m
[0;97;44mWhale Website[0m
[0;97;49mStarted GET "/" at 2016-01-19 20:08:12 +0100[0m
  Params: {}
  Timezone: UTC
  Detecting locale EN
  Found page "Home page" [index]
  [0;32;49mCompleted 200 OK in 11.7ms

[0m
[0;97;44mWhale Website[0m
[0;97;49mStarted GET "/" at 2016-01-19 20:10:38 +0100[0m
  Params: {}
  Timezone: UTC
  Detecting locale EN
  Found page "Home page" [index]
  [0;32;49mCompleted 200 OK in 10.0ms

[0m
service=listen action=reload resource=pages timestamp=2016-01-19 20:11:29 +0100
service=listen action=reload resource=snippets timestamp=2016-01-19 20:11:29 +0100
[0;97;44mWhale Website[0m
[0;97;49mStarted GET "/" at 2016-01-19 20:11:30 +0100[0m
  Params: {}
  Timezone: UTC
  Detecting locale EN
  Found page "Home page" [index]
  [0;32;49mCompleted 200 OK in 20.3ms

[0m
service=listen action=reload resource=pages timestamp=2016-01-19 20:13:09 +0100
service=listen action=reload resource=snippets timestamp=2016-01-19 20:13:09 +0100
service=listen action=reload resource=pages timestamp=2016-01-19 20:13:50 +0100
service=listen action=reload resource=snippets timestamp=2016-01-19 20:13:50 +0100
service=listen action=reload resource=pages timestamp=2016-01-19 20:13:59 +0100
service=listen action=reload resource=snippets timestamp=2016-01-19 20:13:59 +0100
[0;97;44mWhale Website[0m
[0;97;49mStarted GET "/" at 2016-01-19 20:14:07 +0100[0m
  Params: {}
  Timezone: UTC
  Detecting locale EN
  Found page "Home page" [index]
  [0;32;49mCompleted 200 OK in 43.4ms

[0m
[0;97;44mWhale Website[0m
[0;97;49mStarted GET "/" at 2016-01-19 20:14:13 +0100[0m
  Params: {}
  Timezone: UTC
  Detecting locale EN
  Found page "Home page" [index]
  [0;32;49mCompleted 200 OK in 17.2ms

[0m
service=listen action=reload resource=pages timestamp=2016-01-19 20:18:53 +0100
service=listen action=reload resource=snippets timestamp=2016-01-19 20:18:53 +0100
[0;97;44mWhale Website[0m
[0;97;49mStarted GET "/" at 2016-01-19 20:18:59 +0100[0m
  Params: {}
  Timezone: UTC
  Detecting locale EN
  Found page "Home page" [index]
  [0;32;49mCompleted 200 OK in 21.6ms

[0m
[0;97;44mWhale Website[0m
[0;97;49mStarted GET "/" at 2016-01-19 20:19:05 +0100[0m
  Params: {}
  Timezone: UTC
  Detecting locale EN
  Found page "Home page" [index]
  [0;32;49mCompleted 200 OK in 32.3ms

[0m
service=listen action=reload resource=pages timestamp=2016-01-19 20:20:40 +0100
service=listen action=reload resource=snippets timestamp=2016-01-19 20:20:40 +0100
[0;97;44mWhale Website[0m
[0;97;49mStarted GET "/" at 2016-01-19 20:20:42 +0100[0m
  Params: {}
  Timezone: UTC
  Detecting locale EN
  Found page "Home page" [index]
  [0;32;49mCompleted 200 OK in 23.7ms

[0m
[0;97;44mWhale Website[0m
[0;97;49mStarted GET "/" at 2016-01-19 20:20:47 +0100[0m
  Params: {}
  Timezone: UTC
  Detecting locale EN
  Found page "Home page" [index]
  [0;32;49mCompleted 200 OK in 15.0ms

[0m
service=listen action=reload resource=pages timestamp=2016-01-19 20:21:10 +0100
service=listen action=reload resource=snippets timestamp=2016-01-19 20:21:10 +0100
service=listen action=reload resource=pages timestamp=2016-01-19 20:21:39 +0100
service=listen action=reload resource=snippets timestamp=2016-01-19 20:21:39 +0100
service=listen action=reload resource=pages timestamp=2016-01-19 20:23:08 +0100
service=listen action=reload resource=snippets timestamp=2016-01-19 20:23:08 +0100
[0;97;44mWhale Website[0m
[0;97;49mStarted GET "/" at 2016-01-19 20:23:25 +0100[0m
  Params: {}
  Timezone: UTC
  Detecting locale EN
  Found page "Home page" [index]
  [0;32;49mCompleted 200 OK in 19.8ms

[0m
[0;97;44mWhale Website[0m
[0;97;49mStarted GET "/%3Cimg%20src=" at 2016-01-19 20:23:30 +0100[0m
  Params: {}
  Timezone: UTC
  Detecting locale EN
  [0;35;49mPage not found, rendering the 404 page.[0m
[404] missing editable_text "jumbotron" (content)
  [0;32;49mCompleted 404 Not Found in 24.1ms

[0m
service=listen action=reload resource=pages timestamp=2016-01-19 20:24:03 +0100
service=listen action=reload resource=snippets timestamp=2016-01-19 20:24:03 +0100
[0;97;44mWhale Website[0m
[0;97;49mStarted GET "/" at 2016-01-19 20:24:06 +0100[0m
  Params: {}
  Timezone: UTC
  Detecting locale EN
  Found page "Home page" [index]
  [0;32;49mCompleted 200 OK in 21.5ms

[0m
[0;97;44mWhale Website[0m
[0;97;49mStarted GET "/%3Cimg%20src=" at 2016-01-19 20:24:12 +0100[0m
  Params: {}
  Timezone: UTC
  Detecting locale EN
  [0;35;49mPage not found, rendering the 404 page.[0m
[404] missing editable_text "jumbotron" (content)
  [0;32;49mCompleted 404 Not Found in 18.7ms

[0m
service=listen action=reload resource=pages timestamp=2016-01-19 20:24:30 +0100
service=listen action=reload resource=snippets timestamp=2016-01-19 20:24:30 +0100
[0;97;44mWhale Website[0m
[0;97;49mStarted GET "/" at 2016-01-19 20:24:31 +0100[0m
  Params: {}
  Timezone: UTC
  Detecting locale EN
  Found page "Home page" [index]
  [0;32;49mCompleted 200 OK in 18.9ms

[0m
[0;97;44mWhale Website[0m
[0;97;49mStarted GET "/" at 2016-01-19 20:27:15 +0100[0m
  Params: {}
  Timezone: UTC
  Detecting locale EN
  Found page "Home page" [index]
  [0;32;49mCompleted 200 OK in 12.0ms

[0m
service=listen action=reload resource=site timestamp=2016-01-19 20:30:32 +0100
service=listen action=reload resource=content_types timestamp=2016-01-19 20:30:32 +0100
service=listen action=reload resource=pages timestamp=2016-01-19 20:30:32 +0100
service=listen action=reload resource=snippets timestamp=2016-01-19 20:30:32 +0100
service=listen action=reload resource=content_entries timestamp=2016-01-19 20:30:32 +0100
service=listen action=reload resource=translations timestamp=2016-01-19 20:30:32 +0100
[0;97;44mWhale Agency[0m
[0;97;49mStarted GET "/" at 2016-01-19 20:30:34 +0100[0m
  Params: {}
  Timezone: UTC
  Detecting locale EN
  Found page "Home page" [index]
  [0;32;49mCompleted 200 OK in 54.3ms

[0m
[0;97;44mWhale Agency[0m
[0;97;49mStarted GET "/" at 2016-01-19 20:31:35 +0100[0m
  Params: {}
  Timezone: UTC
  Detecting locale EN
  Found page "Home page" [index]
  [0;32;49mCompleted 200 OK in 13.2ms

[0m
service=listen action=reload resource=pages timestamp=2016-01-19 20:41:37 +0100
service=listen action=reload resource=snippets timestamp=2016-01-19 20:41:37 +0100
service=listen action=reload resource=pages timestamp=2016-01-19 20:42:16 +0100
service=listen action=reload resource=snippets timestamp=2016-01-19 20:42:16 +0100
service=listen action=reload resource=pages timestamp=2016-01-19 20:43:35 +0100
service=listen action=reload resource=snippets timestamp=2016-01-19 20:43:35 +0100
service=listen action=reload resource=pages timestamp=2016-01-19 20:44:15 +0100
service=listen action=reload resource=snippets timestamp=2016-01-19 20:44:15 +0100
service=listen action=reload resource=pages timestamp=2016-01-19 20:44:48 +0100
service=listen action=reload resource=snippets timestamp=2016-01-19 20:44:48 +0100
service=listen action=reload resource=pages timestamp=2016-01-19 20:44:56 +0100
service=listen action=reload resource=snippets timestamp=2016-01-19 20:44:56 +0100
service=listen action=reload resource=pages timestamp=2016-01-19 20:45:00 +0100
service=listen action=reload resource=snippets timestamp=2016-01-19 20:45:00 +0100
service=listen action=reload resource=pages timestamp=2016-01-19 20:45:10 +0100
service=listen action=reload resource=snippets timestamp=2016-01-19 20:45:10 +0100
service=listen action=reload resource=pages timestamp=2016-01-19 20:45:26 +0100
service=listen action=reload resource=snippets timestamp=2016-01-19 20:45:26 +0100
service=listen action=reload resource=pages timestamp=2016-01-19 20:45:30 +0100
service=listen action=reload resource=snippets timestamp=2016-01-19 20:45:30 +0100
service=listen action=reload resource=pages timestamp=2016-01-19 20:45:39 +0100
service=listen action=reload resource=snippets timestamp=2016-01-19 20:45:39 +0100
service=listen action=reload resource=pages timestamp=2016-01-19 20:45:44 +0100
service=listen action=reload resource=snippets timestamp=2016-01-19 20:45:44 +0100
service=listen action=reload resource=pages timestamp=2016-01-19 20:45:54 +0100
service=listen action=reload resource=snippets timestamp=2016-01-19 20:45:54 +0100
service=listen action=reload resource=pages timestamp=2016-01-19 20:46:00 +0100
service=listen action=reload resource=snippets timestamp=2016-01-19 20:46:00 +0100
service=listen action=reload resource=pages timestamp=2016-01-19 20:46:06 +0100
service=listen action=reload resource=snippets timestamp=2016-01-19 20:46:06 +0100
service=listen action=reload resource=pages timestamp=2016-01-19 20:46:17 +0100
service=listen action=reload resource=snippets timestamp=2016-01-19 20:46:17 +0100
service=listen action=reload resource=pages timestamp=2016-01-19 20:46:22 +0100
service=listen action=reload resource=snippets timestamp=2016-01-19 20:46:22 +0100
service=listen action=reload resource=pages timestamp=2016-01-19 20:47:01 +0100
service=listen action=reload resource=snippets timestamp=2016-01-19 20:47:01 +0100
service=listen action=reload resource=pages timestamp=2016-01-19 20:47:05 +0100
service=listen action=reload resource=snippets timestamp=2016-01-19 20:47:05 +0100
service=listen action=reload resource=pages timestamp=2016-01-19 20:47:15 +0100
service=listen action=reload resource=snippets timestamp=2016-01-19 20:47:15 +0100
service=listen action=reload resource=pages timestamp=2016-01-19 20:47:24 +0100
service=listen action=reload resource=snippets timestamp=2016-01-19 20:47:24 +0100
service=listen action=reload resource=pages timestamp=2016-01-19 20:47:30 +0100
service=listen action=reload resource=snippets timestamp=2016-01-19 20:47:30 +0100
service=listen action=reload resource=pages timestamp=2016-01-19 20:47:38 +0100
service=listen action=reload resource=snippets timestamp=2016-01-19 20:47:38 +0100
service=listen action=reload resource=pages timestamp=2016-01-19 20:47:46 +0100
service=listen action=reload resource=snippets timestamp=2016-01-19 20:47:46 +0100
service=listen action=reload resource=pages timestamp=2016-01-19 20:48:12 +0100
service=listen action=reload resource=snippets timestamp=2016-01-19 20:48:12 +0100
service=listen action=reload resource=pages timestamp=2016-01-19 20:49:04 +0100
service=listen action=reload resource=snippets timestamp=2016-01-19 20:49:04 +0100
[0;97;44mWhale Agency[0m
[0;97;49mStarted GET "/" at 2016-01-19 20:49:20 +0100[0m
  Params: {}
  Timezone: UTC
  Detecting locale EN
  Found page "Home page" [index]
  [0;32;49mCompleted 200 OK in 59.7ms

[0m
service=listen action=reload resource=pages timestamp=2016-01-19 21:05:31 +0100
service=listen action=reload resource=snippets timestamp=2016-01-19 21:05:31 +0100
service=listen action=reload resource=pages timestamp=2016-01-19 21:06:09 +0100
service=listen action=reload resource=snippets timestamp=2016-01-19 21:06:09 +0100
service=listen action=reload resource=pages timestamp=2016-01-19 21:06:14 +0100
service=listen action=reload resource=snippets timestamp=2016-01-19 21:06:14 +0100
service=listen action=reload resource=pages timestamp=2016-01-19 21:07:24 +0100
service=listen action=reload resource=snippets timestamp=2016-01-19 21:07:24 +0100
service=listen action=reload resource=pages timestamp=2016-01-19 21:07:33 +0100
service=listen action=reload resource=snippets timestamp=2016-01-19 21:07:33 +0100
service=listen action=reload resource=pages timestamp=2016-01-19 21:07:34 +0100
service=listen action=reload resource=snippets timestamp=2016-01-19 21:07:34 +0100
service=listen action=reload resource=pages timestamp=2016-01-19 21:08:49 +0100
service=listen action=reload resource=snippets timestamp=2016-01-19 21:08:49 +0100
[0;97;44mWhale Agency[0m
[0;97;49mStarted GET "/" at 2016-01-19 21:08:59 +0100[0m
  Params: {}
  Timezone: UTC
  Detecting locale EN
  Found page "Home page" [index]
  [0;32;49mCompleted 200 OK in 34.9ms

[0m
[0;97;44mWhale Agency[0m
[0;97;49mStarted GET "/" at 2016-01-19 21:09:04 +0100[0m
  Params: {}
  Timezone: UTC
  Detecting locale EN
  Found page "Home page" [index]
  [0;32;49mCompleted 200 OK in 21.5ms

[0m
[0;97;44mWhale Agency[0m
[0;97;49mStarted GET "/" at 2016-01-19 21:09:04 +0100[0m
  Params: {}
  Timezone: UTC
  Detecting locale EN
  Found page "Home page" [index]
  [0;32;49mCompleted 200 OK in 10.3ms

[0m
service=listen action=reload resource=pages timestamp=2016-01-19 21:10:58 +0100
service=listen action=reload resource=snippets timestamp=2016-01-19 21:10:58 +0100
[0;97;44mWhale Agency[0m
[0;97;49mStarted GET "/" at 2016-01-19 21:11:17 +0100[0m
  Params: {}
  Timezone: UTC
  Detecting locale EN
  Found page "Home page" [index]
  [0;32;49mCompleted 200 OK in 25.4ms

[0m
[0;97;44mWhale Agency[0m
[0;97;49mStarted GET "/" at 2016-01-19 21:11:18 +0100[0m
  Params: {}
  Timezone: UTC
  Detecting locale EN
  Found page "Home page" [index]
  [0;32;49mCompleted 200 OK in 15.4ms

[0m
[0;97;44mWhale Agency[0m
[0;97;49mStarted GET "/" at 2016-01-19 21:11:18 +0100[0m
  Params: {}
  Timezone: UTC
  Detecting locale EN
  Found page "Home page" [index]
  [0;32;49mCompleted 200 OK in 13.4ms

[0m
[0;97;44mWhale Agency[0m
[0;97;49mStarted GET "/" at 2016-01-19 21:17:39 +0100[0m
  Params: {}
  Timezone: UTC
  Detecting locale EN
  Found page "Home page" [index]
  [0;32;49mCompleted 200 OK in 34.1ms

[0m
[0;97;44mWhale Agency[0m
[0;97;49mStarted GET "/" at 2016-01-19 21:17:58 +0100[0m
  Params: {}
  Timezone: UTC
  Detecting locale EN
  Found page "Home page" [index]
  [0;32;49mCompleted 200 OK in 28.8ms

[0m
[0;97;44mWhale Agency[0m
[0;97;49mStarted GET "/" at 2016-01-19 21:17:59 +0100[0m
  Params: {}
  Timezone: UTC
  Detecting locale EN
  Found page "Home page" [index]
  [0;32;49mCompleted 200 OK in 27.9ms

[0m
[0;97;44mWhale Agency[0m
[0;97;49mStarted GET "/" at 2016-01-19 21:19:04 +0100[0m
  Params: {}
  Timezone: UTC
  Detecting locale EN
  Found page "Home page" [index]
  [0;32;49mCompleted 200 OK in 73.9ms

[0m
service=listen action=reload resource=pages timestamp=2016-01-19 21:23:50 +0100
service=listen action=reload resource=snippets timestamp=2016-01-19 21:23:50 +0100
[0;97;44mWhale Agency[0m
[0;97;49mStarted GET "/" at 2016-01-19 21:23:52 +0100[0m
  Params: {}
  Timezone: UTC
  Detecting locale EN
  Found page "Home page" [index]
  [0;32;49mCompleted 200 OK in 78.3ms

[0m
service=listen action=reload resource=pages timestamp=2016-01-19 21:25:27 +0100
service=listen action=reload resource=snippets timestamp=2016-01-19 21:25:27 +0100
service=listen action=reload resource=pages timestamp=2016-01-19 21:25:28 +0100
service=listen action=reload resource=snippets timestamp=2016-01-19 21:25:28 +0100
service=listen action=reload resource=pages timestamp=2016-01-19 21:25:29 +0100
service=listen action=reload resource=snippets timestamp=2016-01-19 21:25:29 +0100
[0;97;44mWhale Agency[0m
[0;97;49mStarted GET "/" at 2016-01-19 21:25:33 +0100[0m
  Params: {}
  Timezone: UTC
  Detecting locale EN
  Found page "Home page" [index]
  [0;32;49mCompleted 200 OK in 65.8ms

[0m
service=listen action=reload resource=pages timestamp=2016-01-19 21:27:38 +0100
service=listen action=reload resource=snippets timestamp=2016-01-19 21:27:38 +0100
service=listen action=reload resource=pages timestamp=2016-01-19 21:27:46 +0100
service=listen action=reload resource=snippets timestamp=2016-01-19 21:27:46 +0100
service=listen action=reload resource=pages timestamp=2016-01-19 21:31:15 +0100
service=listen action=reload resource=snippets timestamp=2016-01-19 21:31:15 +0100
service=listen action=reload resource=pages timestamp=2016-01-19 21:32:29 +0100
service=listen action=reload resource=snippets timestamp=2016-01-19 21:32:29 +0100
service=listen action=reload resource=pages timestamp=2016-01-19 21:32:30 +0100
service=listen action=reload resource=snippets timestamp=2016-01-19 21:32:30 +0100
service=listen action=reload resource=pages timestamp=2016-01-19 21:36:57 +0100
service=listen action=reload resource=snippets timestamp=2016-01-19 21:36:57 +0100
[0;97;44mWhale Agency[0m
[0;97;49mStarted GET "/" at 2016-01-19 21:38:23 +0100[0m
  Params: {}
  Timezone: UTC
  Detecting locale EN
  Found page "Home page" [index]
  [0;32;49mCompleted 200 OK in 100.5ms

[0m
[0;97;44mWhale Agency[0m
[0;97;49mStarted GET "/" at 2016-01-19 21:38:52 +0100[0m
  Params: {}
  Timezone: UTC
  Detecting locale EN
  Found page "Home page" [index]
  [0;32;49mCompleted 200 OK in 19.7ms

[0m
[0;97;44mWhale Agency[0m
[0;97;49mStarted GET "/" at 2016-01-19 21:40:29 +0100[0m
  Params: {}
  Timezone: UTC
  Detecting locale EN
  Found page "Home page" [index]
  [0;32;49mCompleted 200 OK in 45.7ms

[0m
service=listen action=reload resource=pages timestamp=2016-01-19 21:41:30 +0100
service=listen action=reload resource=snippets timestamp=2016-01-19 21:41:30 +0100
service=listen action=reload resource=pages timestamp=2016-01-19 21:45:19 +0100
service=listen action=reload resource=snippets timestamp=2016-01-19 21:45:19 +0100
service=listen action=reload resource=pages timestamp=2016-01-19 21:49:17 +0100
service=listen action=reload resource=snippets timestamp=2016-01-19 21:49:17 +0100
service=listen action=reload resource=pages timestamp=2016-01-19 21:49:20 +0100
service=listen action=reload resource=snippets timestamp=2016-01-19 21:49:20 +0100
service=listen action=reload resource=pages timestamp=2016-01-19 21:51:22 +0100
service=listen action=reload resource=snippets timestamp=2016-01-19 21:51:22 +0100
service=listen action=reload resource=pages timestamp=2016-01-19 21:51:45 +0100
service=listen action=reload resource=snippets timestamp=2016-01-19 21:51:45 +0100
service=listen action=reload resource=pages timestamp=2016-01-19 21:54:16 +0100
service=listen action=reload resource=snippets timestamp=2016-01-19 21:54:16 +0100
[0;97;44mWhale Agency[0m
[0;97;49mStarted GET "/" at 2016-01-19 22:03:47 +0100[0m
  Params: {}
  Timezone: UTC
  Detecting locale EN
  Found page "Home page" [index]
[index] missing editable_text "sub_heading" (content)
[index] missing editable_text "heading" (content)
  [0;32;49mCompleted 200 OK in 75.2ms

[0m
[0;97;44mWhale Agency[0m
[0;97;49mStarted GET "/" at 2016-01-19 22:04:12 +0100[0m
  Params: {}
  Timezone: UTC
  Detecting locale EN
  Found page "Home page" [index]
[index] missing editable_text "sub_heading" (content)
[index] missing editable_text "heading" (content)
  [0;32;49mCompleted 200 OK in 39.6ms

[0m
[0;97;44mWhale Agency[0m
[0;97;49mStarted GET "/" at 2016-01-19 22:05:33 +0100[0m
  Params: {}
  Timezone: UTC
  Detecting locale EN
  Found page "Home page" [index]
[index] missing editable_text "sub_heading" (content)
[index] missing editable_text "heading" (content)
  [0;32;49mCompleted 200 OK in 15.3ms

[0m
[0;97;44mWhale Agency[0m
[0;97;49mStarted GET "/" at 2016-01-19 22:05:54 +0100[0m
  Params: {}
  Timezone: UTC
  Detecting locale EN
  Found page "Home page" [index]
[index] missing editable_text "sub_heading" (content)
[index] missing editable_text "heading" (content)
  [0;32;49mCompleted 200 OK in 19.8ms

[0m
[0;97;44mWhale Agency[0m
[0;97;49mStarted GET "/" at 2016-01-19 22:06:04 +0100[0m
  Params: {}
  Timezone: UTC
  Detecting locale EN
  Found page "Home page" [index]
[index] missing editable_text "sub_heading" (content)
[index] missing editable_text "heading" (content)
  [0;32;49mCompleted 200 OK in 14.6ms

[0m
[0;97;44mWhale Agency[0m
[0;97;49mStarted GET "/" at 2016-01-19 22:06:29 +0100[0m
  Params: {}
  Timezone: UTC
  Detecting locale EN
  Found page "Home page" [index]
[index] missing editable_text "sub_heading" (content)
[index] missing editable_text "heading" (content)
  [0;32;49mCompleted 200 OK in 20.7ms

[0m
[0;97;44mWhale Agency[0m
[0;97;49mStarted GET "/" at 2016-01-19 22:07:19 +0100[0m
  Params: {}
  Timezone: UTC
  Detecting locale EN
  Found page "Home page" [index]
[index] missing editable_text "sub_heading" (content)
[index] missing editable_text "heading" (content)
  [0;32;49mCompleted 200 OK in 11.1ms

[0m
service=listen action=reload resource=pages timestamp=2016-01-19 22:07:46 +0100
service=listen action=reload resource=snippets timestamp=2016-01-19 22:07:46 +0100
service=listen action=reload resource=pages timestamp=2016-01-19 22:09:23 +0100
service=listen action=reload resource=snippets timestamp=2016-01-19 22:09:23 +0100
[0;97;44mWhale Agency[0m
[0;97;49mStarted GET "/" at 2016-01-19 22:10:09 +0100[0m
  Params: {}
  Timezone: UTC
  Detecting locale EN
  Found page "Home page" [index]
  [0;32;49mCompleted 200 OK in 33.7ms

[0m
[0;97;44mWhale Agency[0m
[0;97;49mStarted GET "/" at 2016-01-19 22:11:05 +0100[0m
  Params: {}
  Timezone: UTC
  Detecting locale EN
  Found page "Home page" [index]
  [0;32;49mCompleted 200 OK in 29.2ms

[0m
service=listen action=reload resource=pages timestamp=2016-01-19 22:11:55 +0100
service=listen action=reload resource=snippets timestamp=2016-01-19 22:11:55 +0100
[0;97;44mWhale Agency[0m
[0;97;49mStarted GET "/" at 2016-01-19 22:11:56 +0100[0m
  Params: {}
  Timezone: UTC
  Detecting locale EN
  Found page "Home page" [index]
  [0;32;49mCompleted 200 OK in 36.5ms

[0m
[0;97;44mWhale Agency[0m
[0;97;49mStarted GET "/" at 2016-01-19 22:16:48 +0100[0m
  Params: {}
  Timezone: UTC
  Detecting locale EN
  Found page "Home page" [index]
  [0;32;49mCompleted 200 OK in 45.5ms

[0m
[0;97;44mWhale Agency[0m
[0;97;49mStarted GET "/" at 2016-01-19 22:17:10 +0100[0m
  Params: {}
  Timezone: UTC
  Detecting locale EN
  Found page "Home page" [index]
  [0;32;49mCompleted 200 OK in 10.7ms

[0m
service=listen action=reload resource=pages timestamp=2016-01-19 22:17:30 +0100
service=listen action=reload resource=snippets timestamp=2016-01-19 22:17:30 +0100
[0;97;44mWhale Agency[0m
[0;97;49mStarted GET "/" at 2016-01-20 17:49:29 +0100[0m
  Params: {}
  Timezone: UTC
  Detecting locale EN
  Found page "Home page" [index]
  [0;32;49mCompleted 200 OK in 272.8ms

[0m
[0;97;44mWhale Agency[0m
[0;97;49mStarted GET "/" at 2016-01-20 17:51:38 +0100[0m
  Params: {}
  Timezone: UTC
  Detecting locale EN
  Found page "Home page" [index]
  [0;32;49mCompleted 200 OK in 26.7ms

[0m
[0;97;44mWhale Agency[0m
[0;97;49mStarted GET "/" at 2016-01-20 17:59:40 +0100[0m
  Params: {}
  Timezone: UTC
  Detecting locale EN
  Found page "Home page" [index]
  [0;32;49mCompleted 200 OK in 55.3ms

[0m
[0;97;44mWhale Agency[0m
[0;97;49mStarted GET "/" at 2016-01-20 18:09:55 +0100[0m
  Params: {}
  Timezone: UTC
  Detecting locale EN
  Found page "Home page" [index]
  [0;32;49mCompleted 200 OK in 37.3ms

[0m
[0;97;44mWhale Agency[0m
[0;97;49mStarted GET "/" at 2016-01-20 18:10:11 +0100[0m
  Params: {}
  Timezone: UTC
  Detecting locale EN
  Found page "Home page" [index]
  [0;32;49mCompleted 200 OK in 22.2ms

[0m
[0;97;44mWhale Agency[0m
[0;97;49mStarted GET "/" at 2016-01-20 18:10:46 +0100[0m
  Params: {}
  Timezone: UTC
  Detecting locale EN
  Found page "Home page" [index]
  [0;32;49mCompleted 200 OK in 12.4ms

[0m
[0;97;44mWhale Agency[0m
[0;97;49mStarted GET "/" at 2016-01-20 18:12:45 +0100[0m
  Params: {}
  Timezone: UTC
  Detecting locale EN
  Found page "Home page" [index]
  [0;32;49mCompleted 200 OK in 27.0ms

[0m
[0;97;44mWhale Agency[0m
[0;97;49mStarted GET "/" at 2016-01-20 18:13:28 +0100[0m
  Params: {}
  Timezone: UTC
  Detecting locale EN
  Found page "Home page" [index]
  [0;32;49mCompleted 200 OK in 37.6ms

[0m
[0;97;44mWhale Agency[0m
[0;97;49mStarted GET "/" at 2016-01-20 18:16:22 +0100[0m
  Params: {}
  Timezone: UTC
  Detecting locale EN
  Found page "Home page" [index]
  [0;32;49mCompleted 200 OK in 44.0ms

[0m
[0;97;44mWhale Agency[0m
[0;97;49mStarted GET "/" at 2016-01-20 18:19:07 +0100[0m
  Params: {}
  Timezone: UTC
  Detecting locale EN
  Found page "Home page" [index]
  [0;32;49mCompleted 200 OK in 48.7ms

[0m
[0;97;44mWhale Agency[0m
[0;97;49mStarted GET "/" at 2016-01-20 18:22:41 +0100[0m
  Params: {}
  Timezone: UTC
  Detecting locale EN
  Found page "Home page" [index]
  [0;32;49mCompleted 200 OK in 24.7ms

[0m
[0;97;44mWhale Agency[0m
[0;97;49mStarted GET "/" at 2016-01-20 18:22:53 +0100[0m
  Params: {}
  Timezone: UTC
  Detecting locale EN
  Found page "Home page" [index]
  [0;32;49mCompleted 200 OK in 19.6ms

[0m
[0;97;44mWhale Agency[0m
[0;97;49mStarted GET "/" at 2016-01-20 18:25:10 +0100[0m
  Params: {}
  Timezone: UTC
  Detecting locale EN
  Found page "Home page" [index]
  [0;32;49mCompleted 200 OK in 69.8ms

[0m
[0;97;44mWhale Agency[0m
[0;97;49mStarted GET "/" at 2016-01-20 18:26:01 +0100[0m
  Params: {}
  Timezone: UTC
  Detecting locale EN
  Found page "Home page" [index]
  [0;32;49mCompleted 200 OK in 16.1ms

[0m
[0;97;44mWhale Agency[0m
[0;97;49mStarted GET "/" at 2016-01-20 18:26:09 +0100[0m
  Params: {}
  Timezone: UTC
  Detecting locale EN
  Found page "Home page" [index]
  [0;32;49mCompleted 200 OK in 22.5ms

[0m
service=listen action=reload resource=pages timestamp=2016-01-20 18:28:33 +0100
service=listen action=reload resource=snippets timestamp=2016-01-20 18:28:33 +0100
[0;97;44mWhale Agency[0m
[0;97;49mStarted GET "/" at 2016-01-20 18:28:41 +0100[0m
  Params: {}
  Timezone: UTC
  Detecting locale EN
  Found page "Home page" [index]
  [0;32;49mCompleted 200 OK in 141.4ms

[0m
[0;97;44mWhale Agency[0m
[0;97;49mStarted GET "/" at 2016-01-20 18:28:44 +0100[0m
  Params: {}
  Timezone: UTC
  Detecting locale EN
  Found page "Home page" [index]
  [0;32;49mCompleted 200 OK in 24.7ms

[0m
[0;97;44mWhale Agency[0m
[0;97;49mStarted GET "/" at 2016-01-20 18:29:18 +0100[0m
  Params: {}
  Timezone: UTC
  Detecting locale EN
  Found page "Home page" [index]
  [0;32;49mCompleted 200 OK in 24.1ms

[0m
service=listen action=reload resource=pages timestamp=2016-01-20 18:29:39 +0100
service=listen action=reload resource=snippets timestamp=2016-01-20 18:29:39 +0100
service=listen action=reload resource=pages timestamp=2016-01-20 18:29:40 +0100
service=listen action=reload resource=snippets timestamp=2016-01-20 18:29:40 +0100
service=listen action=reload resource=pages timestamp=2016-01-20 18:29:59 +0100
service=listen action=reload resource=snippets timestamp=2016-01-20 18:29:59 +0100
service=listen action=reload resource=pages timestamp=2016-01-20 18:30:06 +0100
service=listen action=reload resource=snippets timestamp=2016-01-20 18:30:06 +0100
service=listen action=reload resource=pages timestamp=2016-01-20 18:30:09 +0100
service=listen action=reload resource=snippets timestamp=2016-01-20 18:30:09 +0100
[0;97;44mWhale Agency[0m
[0;97;49mStarted GET "/" at 2016-01-20 18:30:15 +0100[0m
  Params: {}
  Timezone: UTC
  Detecting locale EN
  Found page "Home page" [index]
  [0;32;49mCompleted 200 OK in 89.3ms

[0m
service=listen action=reload resource=pages timestamp=2016-01-20 18:31:02 +0100
service=listen action=reload resource=snippets timestamp=2016-01-20 18:31:02 +0100
[0;97;44mWhale Agency[0m
[0;97;49mStarted GET "/" at 2016-01-20 18:31:03 +0100[0m
  Params: {}
  Timezone: UTC
  Detecting locale EN
  Found page "Home page" [index]
  [0;32;49mCompleted 200 OK in 29.9ms

[0m
service=listen action=reload resource=pages timestamp=2016-01-20 18:31:13 +0100
service=listen action=reload resource=snippets timestamp=2016-01-20 18:31:13 +0100
service=listen action=reload resource=pages timestamp=2016-01-20 18:31:22 +0100
service=listen action=reload resource=snippets timestamp=2016-01-20 18:31:22 +0100
[0;97;44mWhale Agency[0m
[0;97;49mStarted GET "/" at 2016-01-20 19:26:05 +0100[0m
  Params: {}
  Timezone: UTC
  Detecting locale EN
  Found page "Home page" [index]
  [0;32;49mCompleted 200 OK in 100.6ms

[0m
service=listen action=reload resource=pages timestamp=2016-01-20 19:27:35 +0100
service=listen action=reload resource=snippets timestamp=2016-01-20 19:27:35 +0100
service=listen action=reload resource=pages timestamp=2016-01-20 19:28:34 +0100
service=listen action=reload resource=snippets timestamp=2016-01-20 19:28:34 +0100
service=listen action=reload resource=pages timestamp=2016-01-20 19:29:42 +0100
service=listen action=reload resource=snippets timestamp=2016-01-20 19:29:42 +0100
service=listen action=reload resource=pages timestamp=2016-01-20 19:30:05 +0100
service=listen action=reload resource=snippets timestamp=2016-01-20 19:30:05 +0100
[0;97;44mWhale Agency[0m
[0;97;49mStarted GET "/" at 2016-01-20 19:32:15 +0100[0m
  Params: {}
  Timezone: UTC
  Detecting locale EN
  Found page "Home page" [index]
[index] missing editable_text "label:" (content)
[index] missing editable_text "label:" (content)
[index] missing editable_text "label:" (content)
  [0;32;49mCompleted 200 OK in 36.0ms

[0m
[0;97;44mWhale Agency[0m
[0;97;49mStarted GET "/" at 2016-01-20 19:33:49 +0100[0m
  Params: {}
  Timezone: UTC
  Detecting locale EN
  Found page "Home page" [index]
[index] missing editable_text "label:" (content)
[index] missing editable_text "label:" (content)
[index] missing editable_text "label:" (content)
  [0;32;49mCompleted 200 OK in 18.5ms

[0m
[0;97;44mWhale Agency[0m
[0;97;49mStarted GET "/" at 2016-01-20 19:34:35 +0100[0m
  Params: {}
  Timezone: UTC
  Detecting locale EN
  Found page "Home page" [index]
[index] missing editable_text "label:" (content)
[index] missing editable_text "label:" (content)
[index] missing editable_text "label:" (content)
  [0;32;49mCompleted 200 OK in 17.3ms

[0m
[0;97;44mWhale Agency[0m
[0;97;49mStarted GET "/" at 2016-01-20 19:34:41 +0100[0m
  Params: {}
  Timezone: UTC
  Detecting locale EN
  Found page "Home page" [index]
[index] missing editable_text "label:" (content)
[index] missing editable_text "label:" (content)
[index] missing editable_text "label:" (content)
  [0;32;49mCompleted 200 OK in 33.7ms

[0m
[0;97;44mWhale Agency[0m
[0;97;49mStarted GET "/" at 2016-01-20 19:34:41 +0100[0m
  Params: {}
  Timezone: UTC
  Detecting locale EN
  Found page "Home page" [index]
[index] missing editable_text "label:" (content)
[index] missing editable_text "label:" (content)
[index] missing editable_text "label:" (content)
  [0;32;49mCompleted 200 OK in 13.3ms

[0m
[0;97;44mWhale Agency[0m
[0;97;49mStarted GET "/" at 2016-01-20 19:35:03 +0100[0m
  Params: {}
  Timezone: UTC
  Detecting locale EN
  Found page "Home page" [index]
[index] missing editable_text "label:" (content)
[index] missing editable_text "label:" (content)
[index] missing editable_text "label:" (content)
  [0;32;49mCompleted 200 OK in 16.9ms

[0m
[0;97;44mWhale Agency[0m
[0;97;49mStarted GET "/" at 2016-01-20 19:35:03 +0100[0m
  Params: {}
  Timezone: UTC
  Detecting locale EN
  Found page "Home page" [index]
[index] missing editable_text "label:" (content)
[index] missing editable_text "label:" (content)
[index] missing editable_text "label:" (content)
  [0;32;49mCompleted 200 OK in 12.7ms

[0m
[0;97;44mWhale Agency[0m
[0;97;49mStarted GET "/" at 2016-01-22 17:27:37 +0100[0m
  Params: {}
  Timezone: UTC
  Detecting locale EN
  Found page "Home page" [index]
[index] missing editable_text "label:" (content)
[index] missing editable_text "label:" (content)
[index] missing editable_text "label:" (content)
  [0;32;49mCompleted 200 OK in 177.1ms

[0m
service=listen action=reload resource=pages timestamp=2016-01-22 17:28:03 +0100
service=listen action=reload resource=snippets timestamp=2016-01-22 17:28:03 +0100
service=listen action=reload resource=pages timestamp=2016-01-22 17:28:38 +0100
service=listen action=reload resource=snippets timestamp=2016-01-22 17:28:38 +0100
[0;97;44mWhale Agency[0m
[0;97;49mStarted GET "/" at 2016-01-22 17:28:42 +0100[0m
  Params: {}
  Timezone: UTC
  Detecting locale EN
  Found page "Home page" [index]
[index] missing editable_text "label:" (content)
[index] missing editable_text "label:" (content)
[index] missing editable_text "label:" (content)
  [0;32;49mCompleted 200 OK in 36.0ms

[0m
[0;97;44mWhale Agency[0m
[0;97;49mStarted GET "/" at 2016-01-22 17:31:32 +0100[0m
  Params: {}
  Timezone: UTC
  Detecting locale EN
  Found page "Home page" [index]
[index] missing editable_text "label:" (content)
[index] missing editable_text "label:" (content)
[index] missing editable_text "label:" (content)
  [0;32;49mCompleted 200 OK in 79.0ms

[0m
service=listen action=reload resource=pages timestamp=2016-01-22 17:39:49 +0100
service=listen action=reload resource=snippets timestamp=2016-01-22 17:39:49 +0100
[0;97;44mWhale Agency[0m
[0;97;49mStarted GET "/" at 2016-01-22 17:39:51 +0100[0m
  Params: {}
  Timezone: UTC
  Detecting locale EN
  Found page "Home page" [index]
[index] missing editable_text "label:" (content)
[index] missing editable_text "label:" (content)
[index] missing editable_text "label:" (content)
  [0;32;49mCompleted 200 OK in 76.5ms

[0m
service=listen action=reload resource=pages timestamp=2016-01-22 17:40:59 +0100
service=listen action=reload resource=snippets timestamp=2016-01-22 17:40:59 +0100
[0;97;44mWhale Agency[0m
[0;97;49mStarted GET "/" at 2016-01-22 17:41:07 +0100[0m
  Params: {}
  Timezone: UTC
  Detecting locale EN
  Found page "Home page" [index]
[index] missing editable_text "label:" (content)
[index] missing editable_text "label:" (content)
[index] missing editable_text "label:" (content)
  [0;32;49mCompleted 200 OK in 46.2ms

[0m
service=listen action=reload resource=pages timestamp=2016-01-22 17:41:39 +0100
service=listen action=reload resource=snippets timestamp=2016-01-22 17:41:39 +0100
service=listen action=reload resource=pages timestamp=2016-01-22 17:42:14 +0100
service=listen action=reload resource=snippets timestamp=2016-01-22 17:42:14 +0100
service=listen action=reload resource=site timestamp=2016-01-22 17:42:21 +0100
service=listen action=reload resource=content_types timestamp=2016-01-22 17:42:21 +0100
service=listen action=reload resource=pages timestamp=2016-01-22 17:42:21 +0100
service=listen action=reload resource=snippets timestamp=2016-01-22 17:42:21 +0100
service=listen action=reload resource=content_entries timestamp=2016-01-22 17:42:21 +0100
service=listen action=reload resource=translations timestamp=2016-01-22 17:42:21 +0100
service=listen action=reload resource=pages timestamp=2016-01-22 17:42:22 +0100
service=listen action=reload resource=snippets timestamp=2016-01-22 17:42:22 +0100
service=listen action=reload resource=pages timestamp=2016-01-22 17:42:22 +0100
service=listen action=reload resource=snippets timestamp=2016-01-22 17:42:22 +0100
service=listen action=reload resource=pages timestamp=2016-01-22 17:42:40 +0100
service=listen action=reload resource=snippets timestamp=2016-01-22 17:42:40 +0100
service=listen action=reload resource=pages timestamp=2016-01-22 17:47:28 +0100
service=listen action=reload resource=snippets timestamp=2016-01-22 17:47:28 +0100
[0;97;44mWhale Agency website[0m
[0;97;49mStarted GET "/" at 2016-02-16 11:29:58 +0100[0m
  Params: {}
  Timezone: UTC
  Detecting locale EN
  Found page "Home page" [index]
  [0;32;49mCompleted 200 OK in 126.9ms

[0m
service=listen action=reload resource=pages timestamp=2016-02-16 11:31:23 +0100
service=listen action=reload resource=snippets timestamp=2016-02-16 11:31:23 +0100
[0;97;44mWhale Agency website[0m
[0;97;49mStarted GET "/" at 2016-02-16 11:31:47 +0100[0m
  Params: {}
  Timezone: UTC
  Detecting locale EN
  Found page "Home page" [index]
  [0;32;49mCompleted 200 OK in 30.4ms

[0m
service=listen action=reload resource=content_entries timestamp=2016-02-16 11:32:03 +0100
service=listen action=reload resource=content_types timestamp=2016-02-16 11:32:03 +0100
service=listen action=reload resource=content_entries timestamp=2016-02-16 11:32:03 +0100
